gcc: error: tests/test1.c: No such file or directory
gcc: error: dccthread.o: No such file or directory
gcc: error: dlist.o: No such file or directory
